This is pdfTeX, Version 3.141592653-2.6-1.40.24 (TeX Live 2022) (preloaded format=pdflatex 2022.10.12)  30 NOV 2022 19:16
entering extended mode
 \write18 enabled.
 file:line:error style messages enabled.
 %&-line parsing enabled.
**"/Users/lloydna/Desktop/UP/5° Semestre/Optimizacion/Optimizacion/Tareas/Tarea5/Latex/Tarea5_SandovalOrtizNestorAdrian.tex"
(/Users/lloydna/Desktop/UP/5° Semestre/Optimizacion/Optimizacion/Tareas/Tarea5/Latex/Tarea5_SandovalOrtizNestorAdrian.tex
LaTeX2e <2021-11-15> patch level 1
L3 programming layer <2022-02-24> (/usr/local/texlive/2022/texmf-dist/tex/latex/base/report.cls
Document Class: report 2021/10/04 v1.4n Standard LaTeX document class
(/usr/local/texlive/2022/texmf-dist/tex/latex/base/size10.clo
File: size10.clo 2021/10/04 v1.4n Standard LaTeX file (size option)
)
\c@part=\count185
\c@chapter=\count186
\c@section=\count187
\c@subsection=\count188
\c@subsubsection=\count189
\c@paragraph=\count190
\c@subparagraph=\count191
\c@figure=\count192
\c@table=\count193
\abovecaptionskip=\skip47
\belowcaptionskip=\skip48
\bibindent=\dimen138
) (/usr/local/texlive/2022/texmf-dist/tex/latex/amsfonts/amssymb.sty
Package: amssymb 2013/01/14 v3.01 AMS font symbols
 (/usr/local/texlive/2022/texmf-dist/tex/latex/amsfonts/amsfonts.sty
Package: amsfonts 2013/01/14 v3.01 Basic AMSFonts support
\@emptytoks=\toks16
\symAMSa=\mathgroup4
\symAMSb=\mathgroup5
LaTeX Font Info:    Redeclaring math symbol \hbar on input line 98.
LaTeX Font Info:    Overwriting math alphabet `\mathfrak' in version `bold'
(Font)                  U/euf/m/n --> U/euf/b/n on input line 106.
)) (/usr/local/texlive/2022/texmf-dist/tex/latex/amsmath/amsmath.sty
Package: amsmath 2021/10/15 v2.17l AMS math features
\@mathmargin=\skip49

For additional information on amsmath, use the `?' option.
(/usr/local/texlive/2022/texmf-dist/tex/latex/amsmath/amstext.sty
Package: amstext 2021/08/26 v2.01 AMS text
 (/usr/local/texlive/2022/texmf-dist/tex/latex/amsmath/amsgen.sty
File: amsgen.sty 1999/11/30 v2.0 generic functions
\@emptytoks=\toks17
\ex@=\dimen139
)) (/usr/local/texlive/2022/texmf-dist/tex/latex/amsmath/amsbsy.sty
Package: amsbsy 1999/11/29 v1.2d Bold Symbols
\pmbraise@=\dimen140
) (/usr/local/texlive/2022/texmf-dist/tex/latex/amsmath/amsopn.sty
Package: amsopn 2021/08/26 v2.02 operator names
)
\inf@bad=\count194
LaTeX Info: Redefining \frac on input line 234.
\uproot@=\count195
\leftroot@=\count196
LaTeX Info: Redefining \overline on input line 399.
\classnum@=\count197
\DOTSCASE@=\count198
LaTeX Info: Redefining \ldots on input line 496.
LaTeX Info: Redefining \dots on input line 499.
LaTeX Info: Redefining \cdots on input line 620.
\Mathstrutbox@=\box50
\strutbox@=\box51
\big@size=\dimen141
LaTeX Font Info:    Redeclaring font encoding OML on input line 743.
LaTeX Font Info:    Redeclaring font encoding OMS on input line 744.
\macc@depth=\count199
\c@MaxMatrixCols=\count266
\dotsspace@=\muskip16
\c@parentequation=\count267
\dspbrk@lvl=\count268
\tag@help=\toks18
\row@=\count269
\column@=\count270
\maxfields@=\count271
\andhelp@=\toks19
\eqnshift@=\dimen142
\alignsep@=\dimen143
\tagshift@=\dimen144
\tagwidth@=\dimen145
\totwidth@=\dimen146
\lineht@=\dimen147
\@envbody=\toks20
\multlinegap=\skip50
\multlinetaggap=\skip51
\mathdisplay@stack=\toks21
LaTeX Info: Redefining \[ on input line 2938.
LaTeX Info: Redefining \] on input line 2939.
) (/usr/local/texlive/2022/texmf-dist/tex/latex/graphics/graphicx.sty
Package: graphicx 2021/09/16 v1.2d Enhanced LaTeX Graphics (DPC,SPQR)
 (/usr/local/texlive/2022/texmf-dist/tex/latex/graphics/keyval.sty
Package: keyval 2014/10/28 v1.15 key=value parser (DPC)
\KV@toks@=\toks22
) (/usr/local/texlive/2022/texmf-dist/tex/latex/graphics/graphics.sty
Package: graphics 2021/03/04 v1.4d Standard LaTeX Graphics (DPC,SPQR)
 (/usr/local/texlive/2022/texmf-dist/tex/latex/graphics/trig.sty
Package: trig 2021/08/11 v1.11 sin cos tan (DPC)
) (/usr/local/texlive/2022/texmf-dist/tex/latex/graphics-cfg/graphics.cfg
File: graphics.cfg 2016/06/04 v1.11 sample graphics configuration
)
Package graphics Info: Driver file: pdftex.def on input line 107.
 (/usr/local/texlive/2022/texmf-dist/tex/latex/graphics-def/pdftex.def
File: pdftex.def 2020/10/05 v1.2a Graphics/color driver for pdftex
))
\Gin@req@height=\dimen148
\Gin@req@width=\dimen149
) (/usr/local/texlive/2022/texmf-dist/tex/latex/float/float.sty
Package: float 2001/11/08 v1.3d Float enhancements (AL)
\c@float@type=\count272
\float@exts=\toks23
\float@box=\box52
\@float@everytoks=\toks24
\@floatcapt=\box53
) (/usr/local/texlive/2022/texmf-dist/tex/latex/l3backend/l3backend-pdftex.def
File: l3backend-pdftex.def 2022-02-07 L3 backend support: PDF output (pdfTeX)
\l__color_backend_stack_int=\count273
\l__pdf_internal_box=\box54
) (./Tarea5_SandovalOrtizNestorAdrian.aux)
\openout1 = `Tarea5_SandovalOrtizNestorAdrian.aux'.

LaTeX Font Info:    Checking defaults for OML/cmm/m/it on input line 11.
LaTeX Font Info:    ... okay on input line 11.
LaTeX Font Info:    Checking defaults for OMS/cmsy/m/n on input line 11.
LaTeX Font Info:    ... okay on input line 11.
LaTeX Font Info:    Checking defaults for OT1/cmr/m/n on input line 11.
LaTeX Font Info:    ... okay on input line 11.
LaTeX Font Info:    Checking defaults for T1/cmr/m/n on input line 11.
LaTeX Font Info:    ... okay on input line 11.
LaTeX Font Info:    Checking defaults for TS1/cmr/m/n on input line 11.
LaTeX Font Info:    ... okay on input line 11.
LaTeX Font Info:    Checking defaults for OMX/cmex/m/n on input line 11.
LaTeX Font Info:    ... okay on input line 11.
LaTeX Font Info:    Checking defaults for U/cmr/m/n on input line 11.
LaTeX Font Info:    ... okay on input line 11.
 (/usr/local/texlive/2022/texmf-dist/tex/context/base/mkii/supp-pdf.mkii
[Loading MPS to PDF converter (version 2006.09.02).]
\scratchcounter=\count274
\scratchdimen=\dimen150
\scratchbox=\box55
\nofMPsegments=\count275
\nofMParguments=\count276
\everyMPshowfont=\toks25
\MPscratchCnt=\count277
\MPscratchDim=\dimen151
\MPnumerator=\count278
\makeMPintoPDFobject=\count279
\everyMPtoPDFconversion=\toks26
) (/usr/local/texlive/2022/texmf-dist/tex/latex/epstopdf-pkg/epstopdf-base.sty
Package: epstopdf-base 2020-01-24 v2.11 Base part for package epstopdf
Package epstopdf-base Info: Redefining graphics rule for `.eps' on input line 485.
 (/usr/local/texlive/2022/texmf-dist/tex/latex/latexconfig/epstopdf-sys.cfg
File: epstopdf-sys.cfg 2010/07/13 v1.3 Configuration of (r)epstopdf for TeX Live
))
LaTeX Font Info:    Trying to load font information for U+msa on input line 12.
 (/usr/local/texlive/2022/texmf-dist/tex/latex/amsfonts/umsa.fd
File: umsa.fd 2013/01/14 v3.01 AMS symbols A
)
LaTeX Font Info:    Trying to load font information for U+msb on input line 12.
 (/usr/local/texlive/2022/texmf-dist/tex/latex/amsfonts/umsb.fd
File: umsb.fd 2013/01/14 v3.01 AMS symbols B
) [1

{/usr/local/texlive/2022/texmf-var/fonts/map/pdftex/updmap/pdftex.map}]
Chapter 1.

Overfull \hbox (113.77893pt too wide) in paragraph at lines 16--62
[] 
 []

[1

]
Chapter 2.

Overfull \hbox (2.72296pt too wide) in paragraph at lines 65--88
[]
 []

[2

]
</Users/lloydna/Desktop/UP/5° Semestre/Optimizacion/Optimizacion/Tareas/Tarea5/Parte2/Codigos/kcenter-1/GraficaCenters.png, id=16, 602.25pt x 401.5pt>
File: /Users/lloydna/Desktop/UP/5° Semestre/Optimizacion/Optimizacion/Tareas/Tarea5/Parte2/Codigos/kcenter-1/GraficaCenters.png Graphic file (type png)
<use /Users/lloydna/Desktop/UP/5° Semestre/Optimizacion/Optimizacion/Tareas/Tarea5/Parte2/Codigos/kcenter-1/GraficaCenters.png>
Package pdftex.def Info: /Users/lloydna/Desktop/UP/5° Semestre/Optimizacion/Optimizacion/Tareas/Tarea5/Parte2/Codigos/kcenter-1/GraficaCenters.png  used on input line 91.
(pdftex.def)             Requested size: 345.0pt x 230.00912pt.
</Users/lloydna/Desktop/UP/5° Semestre/Optimizacion/Optimizacion/Tareas/Tarea5/Parte2/Codigos/kcenter-1/GraficaColors.png, id=17, 602.25pt x 401.5pt>
File: /Users/lloydna/Desktop/UP/5° Semestre/Optimizacion/Optimizacion/Tareas/Tarea5/Parte2/Codigos/kcenter-1/GraficaColors.png Graphic file (type png)
<use /Users/lloydna/Desktop/UP/5° Semestre/Optimizacion/Optimizacion/Tareas/Tarea5/Parte2/Codigos/kcenter-1/GraficaColors.png>
Package pdftex.def Info: /Users/lloydna/Desktop/UP/5° Semestre/Optimizacion/Optimizacion/Tareas/Tarea5/Parte2/Codigos/kcenter-1/GraficaColors.png  used on input line 97.
(pdftex.def)             Requested size: 345.0pt x 230.00912pt.
 [3 </Users/lloydna/Desktop/UP/5° Semestre/Optimizacion/Optimizacion/Tareas/Tarea5/Parte2/Codigos/kcenter-1/GraficaCenters.png>]
</Users/lloydna/Desktop/UP/5° Semestre/Optimizacion/Optimizacion/Tareas/Tarea5/Parte2/Codigos/kcenter-1/GraficaTiny.png, id=21, 602.25pt x 401.5pt>
File: /Users/lloydna/Desktop/UP/5° Semestre/Optimizacion/Optimizacion/Tareas/Tarea5/Parte2/Codigos/kcenter-1/GraficaTiny.png Graphic file (type png)
<use /Users/lloydna/Desktop/UP/5° Semestre/Optimizacion/Optimizacion/Tareas/Tarea5/Parte2/Codigos/kcenter-1/GraficaTiny.png>
Package pdftex.def Info: /Users/lloydna/Desktop/UP/5° Semestre/Optimizacion/Optimizacion/Tareas/Tarea5/Parte2/Codigos/kcenter-1/GraficaTiny.png  used on input line 103.
(pdftex.def)             Requested size: 345.0pt x 230.00912pt.
 [4 </Users/lloydna/Desktop/UP/5° Semestre/Optimizacion/Optimizacion/Tareas/Tarea5/Parte2/Codigos/kcenter-1/GraficaColors.png> </Users/lloydna/Desktop/UP/5° Semestre/Optimizacion/Optimizacion/Tareas/Tarea5/Parte2/Codigos/kcenter-1/GraficaTiny.png>]
</Users/lloydna/Desktop/UP/5° Semestre/Optimizacion/Optimizacion/Tareas/Tarea5/Parte2/Codigos/kcenter-2/GraficaCenters.png, id=25, 602.25pt x 401.5pt>
File: /Users/lloydna/Desktop/UP/5° Semestre/Optimizacion/Optimizacion/Tareas/Tarea5/Parte2/Codigos/kcenter-2/GraficaCenters.png Graphic file (type png)
<use /Users/lloydna/Desktop/UP/5° Semestre/Optimizacion/Optimizacion/Tareas/Tarea5/Parte2/Codigos/kcenter-2/GraficaCenters.png>
Package pdftex.def Info: /Users/lloydna/Desktop/UP/5° Semestre/Optimizacion/Optimizacion/Tareas/Tarea5/Parte2/Codigos/kcenter-2/GraficaCenters.png  used on input line 112.
(pdftex.def)             Requested size: 345.0pt x 230.00912pt.
</Users/lloydna/Desktop/UP/5° Semestre/Optimizacion/Optimizacion/Tareas/Tarea5/Parte2/Codigos/kcenter-2/GraficaColors.png, id=26, 602.25pt x 401.5pt>
File: /Users/lloydna/Desktop/UP/5° Semestre/Optimizacion/Optimizacion/Tareas/Tarea5/Parte2/Codigos/kcenter-2/GraficaColors.png Graphic file (type png)
<use /Users/lloydna/Desktop/UP/5° Semestre/Optimizacion/Optimizacion/Tareas/Tarea5/Parte2/Codigos/kcenter-2/GraficaColors.png>
Package pdftex.def Info: /Users/lloydna/Desktop/UP/5° Semestre/Optimizacion/Optimizacion/Tareas/Tarea5/Parte2/Codigos/kcenter-2/GraficaColors.png  used on input line 118.
(pdftex.def)             Requested size: 345.0pt x 230.00912pt.
 [5 </Users/lloydna/Desktop/UP/5° Semestre/Optimizacion/Optimizacion/Tareas/Tarea5/Parte2/Codigos/kcenter-2/GraficaCenters.png>]
</Users/lloydna/Desktop/UP/5° Semestre/Optimizacion/Optimizacion/Tareas/Tarea5/Parte2/Codigos/kcenter-2/GraficaTiny.png, id=30, 602.25pt x 401.5pt>
File: /Users/lloydna/Desktop/UP/5° Semestre/Optimizacion/Optimizacion/Tareas/Tarea5/Parte2/Codigos/kcenter-2/GraficaTiny.png Graphic file (type png)
<use /Users/lloydna/Desktop/UP/5° Semestre/Optimizacion/Optimizacion/Tareas/Tarea5/Parte2/Codigos/kcenter-2/GraficaTiny.png>
Package pdftex.def Info: /Users/lloydna/Desktop/UP/5° Semestre/Optimizacion/Optimizacion/Tareas/Tarea5/Parte2/Codigos/kcenter-2/GraficaTiny.png  used on input line 124.
(pdftex.def)             Requested size: 345.0pt x 230.00912pt.
 [6 </Users/lloydna/Desktop/UP/5° Semestre/Optimizacion/Optimizacion/Tareas/Tarea5/Parte2/Codigos/kcenter-2/GraficaColors.png> </Users/lloydna/Desktop/UP/5° Semestre/Optimizacion/Optimizacion/Tareas/Tarea5/Parte2/Codigos/kcenter-2/GraficaTiny.png>]
</Users/lloydna/Desktop/UP/5° Semestre/Optimizacion/Optimizacion/Tareas/Tarea5/Parte2/Codigos/kcenter-3/GraficaCenters.png, id=35, 602.25pt x 401.5pt>
File: /Users/lloydna/Desktop/UP/5° Semestre/Optimizacion/Optimizacion/Tareas/Tarea5/Parte2/Codigos/kcenter-3/GraficaCenters.png Graphic file (type png)
<use /Users/lloydna/Desktop/UP/5° Semestre/Optimizacion/Optimizacion/Tareas/Tarea5/Parte2/Codigos/kcenter-3/GraficaCenters.png>
Package pdftex.def Info: /Users/lloydna/Desktop/UP/5° Semestre/Optimizacion/Optimizacion/Tareas/Tarea5/Parte2/Codigos/kcenter-3/GraficaCenters.png  used on input line 133.
(pdftex.def)             Requested size: 345.0pt x 230.00912pt.
</Users/lloydna/Desktop/UP/5° Semestre/Optimizacion/Optimizacion/Tareas/Tarea5/Parte2/Codigos/kcenter-3/GraficaColors.png, id=36, 602.25pt x 401.5pt>
File: /Users/lloydna/Desktop/UP/5° Semestre/Optimizacion/Optimizacion/Tareas/Tarea5/Parte2/Codigos/kcenter-3/GraficaColors.png Graphic file (type png)
<use /Users/lloydna/Desktop/UP/5° Semestre/Optimizacion/Optimizacion/Tareas/Tarea5/Parte2/Codigos/kcenter-3/GraficaColors.png>
Package pdftex.def Info: /Users/lloydna/Desktop/UP/5° Semestre/Optimizacion/Optimizacion/Tareas/Tarea5/Parte2/Codigos/kcenter-3/GraficaColors.png  used on input line 139.
(pdftex.def)             Requested size: 345.0pt x 230.00912pt.
 [7 </Users/lloydna/Desktop/UP/5° Semestre/Optimizacion/Optimizacion/Tareas/Tarea5/Parte2/Codigos/kcenter-3/GraficaCenters.png>]
</Users/lloydna/Desktop/UP/5° Semestre/Optimizacion/Optimizacion/Tareas/Tarea5/Parte2/Codigos/kcenter-3/GraficaTiny.png, id=40, 602.25pt x 401.5pt>
File: /Users/lloydna/Desktop/UP/5° Semestre/Optimizacion/Optimizacion/Tareas/Tarea5/Parte2/Codigos/kcenter-3/GraficaTiny.png Graphic file (type png)
<use /Users/lloydna/Desktop/UP/5° Semestre/Optimizacion/Optimizacion/Tareas/Tarea5/Parte2/Codigos/kcenter-3/GraficaTiny.png>
Package pdftex.def Info: /Users/lloydna/Desktop/UP/5° Semestre/Optimizacion/Optimizacion/Tareas/Tarea5/Parte2/Codigos/kcenter-3/GraficaTiny.png  used on input line 145.
(pdftex.def)             Requested size: 345.0pt x 230.00912pt.
 [8 </Users/lloydna/Desktop/UP/5° Semestre/Optimizacion/Optimizacion/Tareas/Tarea5/Parte2/Codigos/kcenter-3/GraficaColors.png> </Users/lloydna/Desktop/UP/5° Semestre/Optimizacion/Optimizacion/Tareas/Tarea5/Parte2/Codigos/kcenter-3/GraficaTiny.png>]
</Users/lloydna/Desktop/UP/5° Semestre/Optimizacion/Optimizacion/Tareas/Tarea5/Parte2/Codigos/kcenter-4/GraficaCenters.png, id=44, 602.25pt x 401.5pt>
File: /Users/lloydna/Desktop/UP/5° Semestre/Optimizacion/Optimizacion/Tareas/Tarea5/Parte2/Codigos/kcenter-4/GraficaCenters.png Graphic file (type png)
<use /Users/lloydna/Desktop/UP/5° Semestre/Optimizacion/Optimizacion/Tareas/Tarea5/Parte2/Codigos/kcenter-4/GraficaCenters.png>
Package pdftex.def Info: /Users/lloydna/Desktop/UP/5° Semestre/Optimizacion/Optimizacion/Tareas/Tarea5/Parte2/Codigos/kcenter-4/GraficaCenters.png  used on input line 154.
(pdftex.def)             Requested size: 345.0pt x 230.00912pt.
</Users/lloydna/Desktop/UP/5° Semestre/Optimizacion/Optimizacion/Tareas/Tarea5/Parte2/Codigos/kcenter-4/GraficaColors.png, id=45, 602.25pt x 401.5pt>
File: /Users/lloydna/Desktop/UP/5° Semestre/Optimizacion/Optimizacion/Tareas/Tarea5/Parte2/Codigos/kcenter-4/GraficaColors.png Graphic file (type png)
<use /Users/lloydna/Desktop/UP/5° Semestre/Optimizacion/Optimizacion/Tareas/Tarea5/Parte2/Codigos/kcenter-4/GraficaColors.png>
Package pdftex.def Info: /Users/lloydna/Desktop/UP/5° Semestre/Optimizacion/Optimizacion/Tareas/Tarea5/Parte2/Codigos/kcenter-4/GraficaColors.png  used on input line 160.
(pdftex.def)             Requested size: 345.0pt x 230.00912pt.
 [9 </Users/lloydna/Desktop/UP/5° Semestre/Optimizacion/Optimizacion/Tareas/Tarea5/Parte2/Codigos/kcenter-4/GraficaCenters.png>]
</Users/lloydna/Desktop/UP/5° Semestre/Optimizacion/Optimizacion/Tareas/Tarea5/Parte2/Codigos/kcenter-4/GraficaTiny.png, id=49, 602.25pt x 401.5pt>
File: /Users/lloydna/Desktop/UP/5° Semestre/Optimizacion/Optimizacion/Tareas/Tarea5/Parte2/Codigos/kcenter-4/GraficaTiny.png Graphic file (type png)
<use /Users/lloydna/Desktop/UP/5° Semestre/Optimizacion/Optimizacion/Tareas/Tarea5/Parte2/Codigos/kcenter-4/GraficaTiny.png>
Package pdftex.def Info: /Users/lloydna/Desktop/UP/5° Semestre/Optimizacion/Optimizacion/Tareas/Tarea5/Parte2/Codigos/kcenter-4/GraficaTiny.png  used on input line 166.
(pdftex.def)             Requested size: 345.0pt x 230.00912pt.
 [10 </Users/lloydna/Desktop/UP/5° Semestre/Optimizacion/Optimizacion/Tareas/Tarea5/Parte2/Codigos/kcenter-4/GraficaColors.png> </Users/lloydna/Desktop/UP/5° Semestre/Optimizacion/Optimizacion/Tareas/Tarea5/Parte2/Codigos/kcenter-4/GraficaTiny.png>]
</Users/lloydna/Desktop/UP/5° Semestre/Optimizacion/Optimizacion/Tareas/Tarea5/Parte2/Codigos/kcenter-5/GraficaCenters.png, id=53, 602.25pt x 401.5pt>
File: /Users/lloydna/Desktop/UP/5° Semestre/Optimizacion/Optimizacion/Tareas/Tarea5/Parte2/Codigos/kcenter-5/GraficaCenters.png Graphic file (type png)
<use /Users/lloydna/Desktop/UP/5° Semestre/Optimizacion/Optimizacion/Tareas/Tarea5/Parte2/Codigos/kcenter-5/GraficaCenters.png>
Package pdftex.def Info: /Users/lloydna/Desktop/UP/5° Semestre/Optimizacion/Optimizacion/Tareas/Tarea5/Parte2/Codigos/kcenter-5/GraficaCenters.png  used on input line 175.
(pdftex.def)             Requested size: 345.0pt x 230.00912pt.
</Users/lloydna/Desktop/UP/5° Semestre/Optimizacion/Optimizacion/Tareas/Tarea5/Parte2/Codigos/kcenter-5/GraficaColors.png, id=54, 602.25pt x 401.5pt>
File: /Users/lloydna/Desktop/UP/5° Semestre/Optimizacion/Optimizacion/Tareas/Tarea5/Parte2/Codigos/kcenter-5/GraficaColors.png Graphic file (type png)
<use /Users/lloydna/Desktop/UP/5° Semestre/Optimizacion/Optimizacion/Tareas/Tarea5/Parte2/Codigos/kcenter-5/GraficaColors.png>
Package pdftex.def Info: /Users/lloydna/Desktop/UP/5° Semestre/Optimizacion/Optimizacion/Tareas/Tarea5/Parte2/Codigos/kcenter-5/GraficaColors.png  used on input line 181.
(pdftex.def)             Requested size: 345.0pt x 230.00912pt.
 [11 </Users/lloydna/Desktop/UP/5° Semestre/Optimizacion/Optimizacion/Tareas/Tarea5/Parte2/Codigos/kcenter-5/GraficaCenters.png>]
</Users/lloydna/Desktop/UP/5° Semestre/Optimizacion/Optimizacion/Tareas/Tarea5/Parte2/Codigos/kcenter-5/GraficaTiny.png, id=58, 602.25pt x 401.5pt>
File: /Users/lloydna/Desktop/UP/5° Semestre/Optimizacion/Optimizacion/Tareas/Tarea5/Parte2/Codigos/kcenter-5/GraficaTiny.png Graphic file (type png)
<use /Users/lloydna/Desktop/UP/5° Semestre/Optimizacion/Optimizacion/Tareas/Tarea5/Parte2/Codigos/kcenter-5/GraficaTiny.png>
Package pdftex.def Info: /Users/lloydna/Desktop/UP/5° Semestre/Optimizacion/Optimizacion/Tareas/Tarea5/Parte2/Codigos/kcenter-5/GraficaTiny.png  used on input line 187.
(pdftex.def)             Requested size: 345.0pt x 230.00912pt.
 [12 </Users/lloydna/Desktop/UP/5° Semestre/Optimizacion/Optimizacion/Tareas/Tarea5/Parte2/Codigos/kcenter-5/GraficaColors.png> </Users/lloydna/Desktop/UP/5° Semestre/Optimizacion/Optimizacion/Tareas/Tarea5/Parte2/Codigos/kcenter-5/GraficaTiny.png>]
</Users/lloydna/Desktop/UP/5° Semestre/Optimizacion/Optimizacion/Tareas/Tarea5/Parte2/Codigos/kcenter-6/GraficaCenters.png, id=63, 602.25pt x 401.5pt>
File: /Users/lloydna/Desktop/UP/5° Semestre/Optimizacion/Optimizacion/Tareas/Tarea5/Parte2/Codigos/kcenter-6/GraficaCenters.png Graphic file (type png)
<use /Users/lloydna/Desktop/UP/5° Semestre/Optimizacion/Optimizacion/Tareas/Tarea5/Parte2/Codigos/kcenter-6/GraficaCenters.png>
Package pdftex.def Info: /Users/lloydna/Desktop/UP/5° Semestre/Optimizacion/Optimizacion/Tareas/Tarea5/Parte2/Codigos/kcenter-6/GraficaCenters.png  used on input line 196.
(pdftex.def)             Requested size: 345.0pt x 230.00912pt.
</Users/lloydna/Desktop/UP/5° Semestre/Optimizacion/Optimizacion/Tareas/Tarea5/Parte2/Codigos/kcenter-6/GraficaColors.png, id=64, 602.25pt x 401.5pt>
File: /Users/lloydna/Desktop/UP/5° Semestre/Optimizacion/Optimizacion/Tareas/Tarea5/Parte2/Codigos/kcenter-6/GraficaColors.png Graphic file (type png)
<use /Users/lloydna/Desktop/UP/5° Semestre/Optimizacion/Optimizacion/Tareas/Tarea5/Parte2/Codigos/kcenter-6/GraficaColors.png>
Package pdftex.def Info: /Users/lloydna/Desktop/UP/5° Semestre/Optimizacion/Optimizacion/Tareas/Tarea5/Parte2/Codigos/kcenter-6/GraficaColors.png  used on input line 202.
(pdftex.def)             Requested size: 345.0pt x 230.00912pt.
 [13 </Users/lloydna/Desktop/UP/5° Semestre/Optimizacion/Optimizacion/Tareas/Tarea5/Parte2/Codigos/kcenter-6/GraficaCenters.png>]
</Users/lloydna/Desktop/UP/5° Semestre/Optimizacion/Optimizacion/Tareas/Tarea5/Parte2/Codigos/kcenter-6/GraficaTiny.png, id=68, 602.25pt x 401.5pt>
File: /Users/lloydna/Desktop/UP/5° Semestre/Optimizacion/Optimizacion/Tareas/Tarea5/Parte2/Codigos/kcenter-6/GraficaTiny.png Graphic file (type png)
<use /Users/lloydna/Desktop/UP/5° Semestre/Optimizacion/Optimizacion/Tareas/Tarea5/Parte2/Codigos/kcenter-6/GraficaTiny.png>
Package pdftex.def Info: /Users/lloydna/Desktop/UP/5° Semestre/Optimizacion/Optimizacion/Tareas/Tarea5/Parte2/Codigos/kcenter-6/GraficaTiny.png  used on input line 208.
(pdftex.def)             Requested size: 345.0pt x 230.00912pt.
 [14 </Users/lloydna/Desktop/UP/5° Semestre/Optimizacion/Optimizacion/Tareas/Tarea5/Parte2/Codigos/kcenter-6/GraficaColors.png> </Users/lloydna/Desktop/UP/5° Semestre/Optimizacion/Optimizacion/Tareas/Tarea5/Parte2/Codigos/kcenter-6/GraficaTiny.png>]
</Users/lloydna/Desktop/UP/5° Semestre/Optimizacion/Optimizacion/Tareas/Tarea5/Parte2/Codigos/kcenter-7/GraficaCenters.png, id=72, 602.25pt x 401.5pt>
File: /Users/lloydna/Desktop/UP/5° Semestre/Optimizacion/Optimizacion/Tareas/Tarea5/Parte2/Codigos/kcenter-7/GraficaCenters.png Graphic file (type png)
<use /Users/lloydna/Desktop/UP/5° Semestre/Optimizacion/Optimizacion/Tareas/Tarea5/Parte2/Codigos/kcenter-7/GraficaCenters.png>
Package pdftex.def Info: /Users/lloydna/Desktop/UP/5° Semestre/Optimizacion/Optimizacion/Tareas/Tarea5/Parte2/Codigos/kcenter-7/GraficaCenters.png  used on input line 217.
(pdftex.def)             Requested size: 345.0pt x 230.00912pt.
</Users/lloydna/Desktop/UP/5° Semestre/Optimizacion/Optimizacion/Tareas/Tarea5/Parte2/Codigos/kcenter-7/GraficaColors.png, id=73, 602.25pt x 401.5pt>
File: /Users/lloydna/Desktop/UP/5° Semestre/Optimizacion/Optimizacion/Tareas/Tarea5/Parte2/Codigos/kcenter-7/GraficaColors.png Graphic file (type png)
<use /Users/lloydna/Desktop/UP/5° Semestre/Optimizacion/Optimizacion/Tareas/Tarea5/Parte2/Codigos/kcenter-7/GraficaColors.png>
Package pdftex.def Info: /Users/lloydna/Desktop/UP/5° Semestre/Optimizacion/Optimizacion/Tareas/Tarea5/Parte2/Codigos/kcenter-7/GraficaColors.png  used on input line 223.
(pdftex.def)             Requested size: 345.0pt x 230.00912pt.
 [15 </Users/lloydna/Desktop/UP/5° Semestre/Optimizacion/Optimizacion/Tareas/Tarea5/Parte2/Codigos/kcenter-7/GraficaCenters.png>]
</Users/lloydna/Desktop/UP/5° Semestre/Optimizacion/Optimizacion/Tareas/Tarea5/Parte2/Codigos/kcenter-7/GraficaTiny.png, id=77, 602.25pt x 401.5pt>
File: /Users/lloydna/Desktop/UP/5° Semestre/Optimizacion/Optimizacion/Tareas/Tarea5/Parte2/Codigos/kcenter-7/GraficaTiny.png Graphic file (type png)
<use /Users/lloydna/Desktop/UP/5° Semestre/Optimizacion/Optimizacion/Tareas/Tarea5/Parte2/Codigos/kcenter-7/GraficaTiny.png>
Package pdftex.def Info: /Users/lloydna/Desktop/UP/5° Semestre/Optimizacion/Optimizacion/Tareas/Tarea5/Parte2/Codigos/kcenter-7/GraficaTiny.png  used on input line 229.
(pdftex.def)             Requested size: 345.0pt x 230.00912pt.
 [16 </Users/lloydna/Desktop/UP/5° Semestre/Optimizacion/Optimizacion/Tareas/Tarea5/Parte2/Codigos/kcenter-7/GraficaColors.png> </Users/lloydna/Desktop/UP/5° Semestre/Optimizacion/Optimizacion/Tareas/Tarea5/Parte2/Codigos/kcenter-7/GraficaTiny.png>]
</Users/lloydna/Desktop/UP/5° Semestre/Optimizacion/Optimizacion/Tareas/Tarea5/Parte2/Codigos/kcenter-8/GraficaCenters.png, id=81, 602.25pt x 401.5pt>
File: /Users/lloydna/Desktop/UP/5° Semestre/Optimizacion/Optimizacion/Tareas/Tarea5/Parte2/Codigos/kcenter-8/GraficaCenters.png Graphic file (type png)
<use /Users/lloydna/Desktop/UP/5° Semestre/Optimizacion/Optimizacion/Tareas/Tarea5/Parte2/Codigos/kcenter-8/GraficaCenters.png>
Package pdftex.def Info: /Users/lloydna/Desktop/UP/5° Semestre/Optimizacion/Optimizacion/Tareas/Tarea5/Parte2/Codigos/kcenter-8/GraficaCenters.png  used on input line 238.
(pdftex.def)             Requested size: 345.0pt x 230.00912pt.
</Users/lloydna/Desktop/UP/5° Semestre/Optimizacion/Optimizacion/Tareas/Tarea5/Parte2/Codigos/kcenter-8/GraficaColors.png, id=82, 602.25pt x 401.5pt>
File: /Users/lloydna/Desktop/UP/5° Semestre/Optimizacion/Optimizacion/Tareas/Tarea5/Parte2/Codigos/kcenter-8/GraficaColors.png Graphic file (type png)
<use /Users/lloydna/Desktop/UP/5° Semestre/Optimizacion/Optimizacion/Tareas/Tarea5/Parte2/Codigos/kcenter-8/GraficaColors.png>
Package pdftex.def Info: /Users/lloydna/Desktop/UP/5° Semestre/Optimizacion/Optimizacion/Tareas/Tarea5/Parte2/Codigos/kcenter-8/GraficaColors.png  used on input line 244.
(pdftex.def)             Requested size: 345.0pt x 230.00912pt.
 [17 </Users/lloydna/Desktop/UP/5° Semestre/Optimizacion/Optimizacion/Tareas/Tarea5/Parte2/Codigos/kcenter-8/GraficaCenters.png>]
</Users/lloydna/Desktop/UP/5° Semestre/Optimizacion/Optimizacion/Tareas/Tarea5/Parte2/Codigos/kcenter-8/GraficaTiny.png, id=86, 602.25pt x 401.5pt>
File: /Users/lloydna/Desktop/UP/5° Semestre/Optimizacion/Optimizacion/Tareas/Tarea5/Parte2/Codigos/kcenter-8/GraficaTiny.png Graphic file (type png)
<use /Users/lloydna/Desktop/UP/5° Semestre/Optimizacion/Optimizacion/Tareas/Tarea5/Parte2/Codigos/kcenter-8/GraficaTiny.png>
Package pdftex.def Info: /Users/lloydna/Desktop/UP/5° Semestre/Optimizacion/Optimizacion/Tareas/Tarea5/Parte2/Codigos/kcenter-8/GraficaTiny.png  used on input line 250.
(pdftex.def)             Requested size: 345.0pt x 230.00912pt.
 [18 </Users/lloydna/Desktop/UP/5° Semestre/Optimizacion/Optimizacion/Tareas/Tarea5/Parte2/Codigos/kcenter-8/GraficaColors.png> </Users/lloydna/Desktop/UP/5° Semestre/Optimizacion/Optimizacion/Tareas/Tarea5/Parte2/Codigos/kcenter-8/GraficaTiny.png>] (./Tarea5_SandovalOrtizNestorAdrian.aux) ) 
Here is how much of TeX's memory you used:
 2780 strings out of 478268
 57778 string characters out of 5846346
 342723 words of memory out of 5000000
 20973 multiletter control sequences out of 15000+600000
 477420 words of font info for 60 fonts, out of 8000000 for 9000
 1141 hyphenation exceptions out of 8191
 55i,7n,62p,431b,226s stack positions out of 10000i,1000n,20000p,200000b,200000s
</usr/local/texlive/2022/texmf-dist/fonts/type1/public/amsfonts/cm/cmbx12.pfb></usr/local/texlive/2022/texmf-dist/fonts/type1/public/amsfonts/cm/cmr10.pfb></usr/local/texlive/2022/texmf-dist/fonts/type1/public/amsfonts/cm/cmr12.pfb></usr/local/texlive/2022/texmf-dist/fonts/type1/public/amsfonts/cm/cmr17.pfb>
Output written on Tarea5_SandovalOrtizNestorAdrian.pdf (19 pages, 1696719 bytes).
PDF statistics:
 110 PDF objects out of 1000 (max. 8388607)
 56 compressed objects within 1 object stream
 0 named destinations out of 1000 (max. 500000)
 121 words of extra memory for PDF output out of 10000 (max. 10000000)

