This is pdfTeX, Version 3.141592653-2.6-1.40.24 (TeX Live 2022) (preloaded format=pdflatex 2022.10.20)  20 OCT 2022 13:11
entering extended mode
 restricted \write18 enabled.
 file:line:error style messages enabled.
 %&-line parsing enabled.
**/Users/lloydna/Projects/School/Optimizacion/Optimizacion/Examenes/Examen2/Latex/Examen2_SandovalOrtizNestorAdrian.tex
(/Users/lloydna/Projects/School/Optimizacion/Optimizacion/Examenes/Examen2/Latex/Examen2_SandovalOrtizNestorAdrian.tex
LaTeX2e <2021-11-15> patch level 1
L3 programming layer <2022-02-24> (/usr/local/texlive/2022/texmf-dist/tex/latex/base/report.cls
Document Class: report 2021/10/04 v1.4n Standard LaTeX document class
(/usr/local/texlive/2022/texmf-dist/tex/latex/base/size10.clo
File: size10.clo 2021/10/04 v1.4n Standard LaTeX file (size option)
)
\c@part=\count185
\c@chapter=\count186
\c@section=\count187
\c@subsection=\count188
\c@subsubsection=\count189
\c@paragraph=\count190
\c@subparagraph=\count191
\c@figure=\count192
\c@table=\count193
\abovecaptionskip=\skip47
\belowcaptionskip=\skip48
\bibindent=\dimen138
) (/usr/local/texlive/2022/texmf-dist/tex/latex/amsfonts/amssymb.sty
Package: amssymb 2013/01/14 v3.01 AMS font symbols
 (/usr/local/texlive/2022/texmf-dist/tex/latex/amsfonts/amsfonts.sty
Package: amsfonts 2013/01/14 v3.01 Basic AMSFonts support
\@emptytoks=\toks16
\symAMSa=\mathgroup4
\symAMSb=\mathgroup5
LaTeX Font Info:    Redeclaring math symbol \hbar on input line 98.
LaTeX Font Info:    Overwriting math alphabet `\mathfrak' in version `bold'
(Font)                  U/euf/m/n --> U/euf/b/n on input line 106.
)) (/usr/local/texlive/2022/texmf-dist/tex/latex/amsmath/amsmath.sty
Package: amsmath 2021/10/15 v2.17l AMS math features
\@mathmargin=\skip49

For additional information on amsmath, use the `?' option.
(/usr/local/texlive/2022/texmf-dist/tex/latex/amsmath/amstext.sty
Package: amstext 2021/08/26 v2.01 AMS text
 (/usr/local/texlive/2022/texmf-dist/tex/latex/amsmath/amsgen.sty
File: amsgen.sty 1999/11/30 v2.0 generic functions
\@emptytoks=\toks17
\ex@=\dimen139
)) (/usr/local/texlive/2022/texmf-dist/tex/latex/amsmath/amsbsy.sty
Package: amsbsy 1999/11/29 v1.2d Bold Symbols
\pmbraise@=\dimen140
) (/usr/local/texlive/2022/texmf-dist/tex/latex/amsmath/amsopn.sty
Package: amsopn 2021/08/26 v2.02 operator names
)
\inf@bad=\count194
LaTeX Info: Redefining \frac on input line 234.
\uproot@=\count195
\leftroot@=\count196
LaTeX Info: Redefining \overline on input line 399.
\classnum@=\count197
\DOTSCASE@=\count198
LaTeX Info: Redefining \ldots on input line 496.
LaTeX Info: Redefining \dots on input line 499.
LaTeX Info: Redefining \cdots on input line 620.
\Mathstrutbox@=\box50
\strutbox@=\box51
\big@size=\dimen141
LaTeX Font Info:    Redeclaring font encoding OML on input line 743.
LaTeX Font Info:    Redeclaring font encoding OMS on input line 744.
\macc@depth=\count199
\c@MaxMatrixCols=\count266
\dotsspace@=\muskip16
\c@parentequation=\count267
\dspbrk@lvl=\count268
\tag@help=\toks18
\row@=\count269
\column@=\count270
\maxfields@=\count271
\andhelp@=\toks19
\eqnshift@=\dimen142
\alignsep@=\dimen143
\tagshift@=\dimen144
\tagwidth@=\dimen145
\totwidth@=\dimen146
\lineht@=\dimen147
\@envbody=\toks20
\multlinegap=\skip50
\multlinetaggap=\skip51
\mathdisplay@stack=\toks21
LaTeX Info: Redefining \[ on input line 2938.
LaTeX Info: Redefining \] on input line 2939.
) (/usr/local/texlive/2022/texmf-dist/tex/latex/graphics/graphicx.sty
Package: graphicx 2021/09/16 v1.2d Enhanced LaTeX Graphics (DPC,SPQR)
 (/usr/local/texlive/2022/texmf-dist/tex/latex/graphics/keyval.sty
Package: keyval 2014/10/28 v1.15 key=value parser (DPC)
\KV@toks@=\toks22
) (/usr/local/texlive/2022/texmf-dist/tex/latex/graphics/graphics.sty
Package: graphics 2021/03/04 v1.4d Standard LaTeX Graphics (DPC,SPQR)
 (/usr/local/texlive/2022/texmf-dist/tex/latex/graphics/trig.sty
Package: trig 2021/08/11 v1.11 sin cos tan (DPC)
) (/usr/local/texlive/2022/texmf-dist/tex/latex/graphics-cfg/graphics.cfg
File: graphics.cfg 2016/06/04 v1.11 sample graphics configuration
)
Package graphics Info: Driver file: pdftex.def on input line 107.
 (/usr/local/texlive/2022/texmf-dist/tex/latex/graphics-def/pdftex.def
File: pdftex.def 2020/10/05 v1.2a Graphics/color driver for pdftex
))
\Gin@req@height=\dimen148
\Gin@req@width=\dimen149
) (/usr/local/texlive/2022/texmf-dist/tex/latex/float/float.sty
Package: float 2001/11/08 v1.3d Float enhancements (AL)
\c@float@type=\count272
\float@exts=\toks23
\float@box=\box52
\@float@everytoks=\toks24
\@floatcapt=\box53
) (/usr/local/texlive/2022/texmf-dist/tex/latex/l3backend/l3backend-pdftex.def
File: l3backend-pdftex.def 2022-02-07 L3 backend support: PDF output (pdfTeX)
\l__color_backend_stack_int=\count273
\l__pdf_internal_box=\box54
) (./Examen2_SandovalOrtizNestorAdrian.aux)
\openout1 = `Examen2_SandovalOrtizNestorAdrian.aux'.

LaTeX Font Info:    Checking defaults for OML/cmm/m/it on input line 10.
LaTeX Font Info:    ... okay on input line 10.
LaTeX Font Info:    Checking defaults for OMS/cmsy/m/n on input line 10.
LaTeX Font Info:    ... okay on input line 10.
LaTeX Font Info:    Checking defaults for OT1/cmr/m/n on input line 10.
LaTeX Font Info:    ... okay on input line 10.
LaTeX Font Info:    Checking defaults for T1/cmr/m/n on input line 10.
LaTeX Font Info:    ... okay on input line 10.
LaTeX Font Info:    Checking defaults for TS1/cmr/m/n on input line 10.
LaTeX Font Info:    ... okay on input line 10.
LaTeX Font Info:    Checking defaults for OMX/cmex/m/n on input line 10.
LaTeX Font Info:    ... okay on input line 10.
LaTeX Font Info:    Checking defaults for U/cmr/m/n on input line 10.
LaTeX Font Info:    ... okay on input line 10.
 (/usr/local/texlive/2022/texmf-dist/tex/context/base/mkii/supp-pdf.mkii
[Loading MPS to PDF converter (version 2006.09.02).]
\scratchcounter=\count274
\scratchdimen=\dimen150
\scratchbox=\box55
\nofMPsegments=\count275
\nofMParguments=\count276
\everyMPshowfont=\toks25
\MPscratchCnt=\count277
\MPscratchDim=\dimen151
\MPnumerator=\count278
\makeMPintoPDFobject=\count279
\everyMPtoPDFconversion=\toks26
) (/usr/local/texlive/2022/texmf-dist/tex/latex/epstopdf-pkg/epstopdf-base.sty
Package: epstopdf-base 2020-01-24 v2.11 Base part for package epstopdf
Package epstopdf-base Info: Redefining graphics rule for `.eps' on input line 485.
 (/usr/local/texlive/2022/texmf-dist/tex/latex/latexconfig/epstopdf-sys.cfg
File: epstopdf-sys.cfg 2010/07/13 v1.3 Configuration of (r)epstopdf for TeX Live
))
LaTeX Font Info:    Trying to load font information for U+msa on input line 11.
 (/usr/local/texlive/2022/texmf-dist/tex/latex/amsfonts/umsa.fd
File: umsa.fd 2013/01/14 v3.01 AMS symbols A
)
LaTeX Font Info:    Trying to load font information for U+msb on input line 11.
 (/usr/local/texlive/2022/texmf-dist/tex/latex/amsfonts/umsb.fd
File: umsb.fd 2013/01/14 v3.01 AMS symbols B
) [1

{/usr/local/texlive/2022/texmf-var/fonts/map/pdftex/updmap/pdftex.map}]
Chapter 1.
[1

]
</Users/lloydna/Projects/School/Optimizacion/Optimizacion/Examenes/Examen2/Ejercicio1/funcion.png, id=14, 602.25pt x 401.5pt>
File: /Users/lloydna/Projects/School/Optimizacion/Optimizacion/Examenes/Examen2/Ejercicio1/funcion.png Graphic file (type png)
<use /Users/lloydna/Projects/School/Optimizacion/Optimizacion/Examenes/Examen2/Ejercicio1/funcion.png>
Package pdftex.def Info: /Users/lloydna/Projects/School/Optimizacion/Optimizacion/Examenes/Examen2/Ejercicio1/funcion.png  used on input line 27.
(pdftex.def)             Requested size: 345.0pt x 230.00912pt.

Underfull \hbox (badness 10000) in paragraph at lines 34--34
[]\OT1/cmr/m/n/10 (x,y)
 []


Underfull \hbox (badness 10000) in paragraph at lines 34--34
[]\OT1/cmr/m/n/10 f(x,y)
 []


Underfull \hbox (badness 10000) in paragraph at lines 34--34
[]\OT1/cmr/m/n/10 Mejor
 []


Underfull \hbox (badness 10000) in paragraph at lines 34--34
[]\OT1/cmr/m/n/10 Mejor
 []


Underfull \hbox (badness 10000) in paragraph at lines 34--34
[]\OT1/cmr/m/n/10 Peor
 []


Underfull \hbox (badness 10000) in paragraph at lines 34--35
[]\OT1/cmr/m/n/10 Peor
 []


Overfull \hbox (69.99156pt too wide) in paragraph at lines 33--39
[] 
 []

[2 </Users/lloydna/Projects/School/Optimizacion/Optimizacion/Examenes/Examen2/Ejercicio1/funcion.png>]
</Users/lloydna/Projects/School/Optimizacion/Optimizacion/Examenes/Examen2/Ejercicio2/funcion.png, id=20, 602.25pt x 401.5pt>
File: /Users/lloydna/Projects/School/Optimizacion/Optimizacion/Examenes/Examen2/Ejercicio2/funcion.png Graphic file (type png)
<use /Users/lloydna/Projects/School/Optimizacion/Optimizacion/Examenes/Examen2/Ejercicio2/funcion.png>
Package pdftex.def Info: /Users/lloydna/Projects/School/Optimizacion/Optimizacion/Examenes/Examen2/Ejercicio2/funcion.png  used on input line 52.
(pdftex.def)             Requested size: 345.0pt x 230.00912pt.

Overfull \hbox (89.001pt too wide) in paragraph at lines 58--64
[] 
 []

[3 </Users/lloydna/Projects/School/Optimizacion/Optimizacion/Examenes/Examen2/Ejercicio2/funcion.png>]
</Users/lloydna/Projects/School/Optimizacion/Optimizacion/Examenes/Examen2/Ejercicio3/funcion.png, id=24, 602.25pt x 401.5pt>
File: /Users/lloydna/Projects/School/Optimizacion/Optimizacion/Examenes/Examen2/Ejercicio3/funcion.png Graphic file (type png)
<use /Users/lloydna/Projects/School/Optimizacion/Optimizacion/Examenes/Examen2/Ejercicio3/funcion.png>
Package pdftex.def Info: /Users/lloydna/Projects/School/Optimizacion/Optimizacion/Examenes/Examen2/Ejercicio3/funcion.png  used on input line 76.
(pdftex.def)             Requested size: 345.0pt x 230.00912pt.

Overfull \hbox (82.22314pt too wide) in paragraph at lines 82--90
[] 
 []

[4 </Users/lloydna/Projects/School/Optimizacion/Optimizacion/Examenes/Examen2/Ejercicio3/funcion.png>]
File: /Users/lloydna/Projects/School/Optimizacion/Optimizacion/Examenes/Examen2/Ejercicio3/funcion.png Graphic file (type png)
<use /Users/lloydna/Projects/School/Optimizacion/Optimizacion/Examenes/Examen2/Ejercicio3/funcion.png>
Package pdftex.def Info: /Users/lloydna/Projects/School/Optimizacion/Optimizacion/Examenes/Examen2/Ejercicio3/funcion.png  used on input line 108.
(pdftex.def)             Requested size: 345.0pt x 230.00912pt.

Overfull \hbox (82.22314pt too wide) in paragraph at lines 114--122
[] 
 []

[5]
</Users/lloydna/Projects/School/Optimizacion/Optimizacion/Examenes/Examen2/Ejercicio5/funcion.png, id=31, 602.25pt x 401.5pt>
File: /Users/lloydna/Projects/School/Optimizacion/Optimizacion/Examenes/Examen2/Ejercicio5/funcion.png Graphic file (type png)
<use /Users/lloydna/Projects/School/Optimizacion/Optimizacion/Examenes/Examen2/Ejercicio5/funcion.png>
Package pdftex.def Info: /Users/lloydna/Projects/School/Optimizacion/Optimizacion/Examenes/Examen2/Ejercicio5/funcion.png  used on input line 135.
(pdftex.def)             Requested size: 345.0pt x 230.00912pt.

Underfull \hbox (badness 10000) in paragraph at lines 142--142
[]\OT1/cmr/m/n/10 (x,y)
 []


Underfull \hbox (badness 10000) in paragraph at lines 142--142
[]\OT1/cmr/m/n/10 f(x,y)
 []


Underfull \hbox (badness 10000) in paragraph at lines 142--142
[]\OT1/cmr/m/n/10 Mejor
 []


Underfull \hbox (badness 10000) in paragraph at lines 142--142
[]\OT1/cmr/m/n/10 Mejor
 []


Underfull \hbox (badness 10000) in paragraph at lines 142--142
[]\OT1/cmr/m/n/10 Peor
 []


Underfull \hbox (badness 10000) in paragraph at lines 142--143
[]\OT1/cmr/m/n/10 Peor
 []


Underfull \hbox (badness 10000) in paragraph at lines 144--144
[]\OT1/cmr/m/n/10 Newton
 []


Underfull \hbox (badness 10000) in paragraph at lines 144--144
\OT1/cmr/m/n/10 Raph-son
 []


Underfull \hbox (badness 10000) in paragraph at lines 144--144
\OT1/cmr/m/n/10 (mul-ti-
 []


Underfull \hbox (badness 10000) in paragraph at lines 144--144
\OT1/cmr/m/n/10 di-men-
 []


Underfull \hbox (badness 10000) in paragraph at lines 144--144
[]\OT1/cmr/m/n/10 (1.00001,
 []


Underfull \hbox (badness 10000) in paragraph at lines 144--144
[]\OT1/cmr/m/n/10 (1.00001,
 []


Underfull \hbox (badness 10000) in paragraph at lines 144--144
[]\OT1/cmr/m/n/10 (1.00001,
 []


Underfull \hbox (badness 10000) in paragraph at lines 146--146
[]\OT1/cmr/m/n/10 Newton
 []


Underfull \hbox (badness 10000) in paragraph at lines 146--146
\OT1/cmr/m/n/10 Raph-son
 []


Underfull \hbox (badness 10000) in paragraph at lines 146--146
\OT1/cmr/m/n/10 (uni-di-
 []


Underfull \hbox (badness 10000) in paragraph at lines 146--146
\OT1/cmr/m/n/10 men-
 []


Underfull \hbox (badness 10000) in paragraph at lines 148--148
[]\OT1/cmr/m/n/10 Secante
 []


Underfull \hbox (badness 10000) in paragraph at lines 148--148
\OT1/cmr/m/n/10 (uni-di-
 []


Underfull \hbox (badness 10000) in paragraph at lines 148--148
\OT1/cmr/m/n/10 men-
 []


Overfull \hbox (37.75386pt too wide) in paragraph at lines 141--151
[] 
 []

[6 </Users/lloydna/Projects/School/Optimizacion/Optimizacion/Examenes/Examen2/Ejercicio5/funcion.png>] [7]
</Users/lloydna/Projects/School/Optimizacion/Optimizacion/Examenes/Examen2/Ejercicio6/funcion.png, id=40, 602.25pt x 401.5pt>
File: /Users/lloydna/Projects/School/Optimizacion/Optimizacion/Examenes/Examen2/Ejercicio6/funcion.png Graphic file (type png)
<use /Users/lloydna/Projects/School/Optimizacion/Optimizacion/Examenes/Examen2/Ejercicio6/funcion.png>
Package pdftex.def Info: /Users/lloydna/Projects/School/Optimizacion/Optimizacion/Examenes/Examen2/Ejercicio6/funcion.png  used on input line 164.
(pdftex.def)             Requested size: 345.0pt x 230.00912pt.

Underfull \hbox (badness 10000) in paragraph at lines 171--171
[]\OT1/cmr/m/n/10 (x,y)
 []


Underfull \hbox (badness 10000) in paragraph at lines 171--171
[]\OT1/cmr/m/n/10 f(x,y)
 []


Underfull \hbox (badness 10000) in paragraph at lines 171--171
[]\OT1/cmr/m/n/10 Mejor
 []


Underfull \hbox (badness 10000) in paragraph at lines 171--171
[]\OT1/cmr/m/n/10 Mejor
 []


Underfull \hbox (badness 10000) in paragraph at lines 171--171
[]\OT1/cmr/m/n/10 Peor
 []


Underfull \hbox (badness 10000) in paragraph at lines 171--172
[]\OT1/cmr/m/n/10 Peor
 []


Underfull \hbox (badness 10000) in paragraph at lines 173--173
[]\OT1/cmr/m/n/10 (1.00001,
 []


Underfull \hbox (badness 10000) in paragraph at lines 173--173
[]\OT1/cmr/m/n/10 (1.00001,
 []


Underfull \hbox (badness 10000) in paragraph at lines 173--173
[]\OT1/cmr/m/n/10 (1.00001,
 []


Overfull \hbox (69.99156pt too wide) in paragraph at lines 170--177
[]
 []

[8 </Users/lloydna/Projects/School/Optimizacion/Optimizacion/Examenes/Examen2/Ejercicio6/funcion.png>]
Overfull \hbox (124.57054pt too wide) detected at line 181
\OML/cmm/m/it/10 f\OT1/cmr/m/n/10 (\OML/cmm/m/it/10 X\OT1/cmr/m/n/10 ) = (100(\OML/cmm/m/it/10 X[] \OMS/cmsy/m/n/10 ^^@ \OML/cmm/m/it/10 X[]\OT1/cmr/m/n/10 ))[] + (1 \OMS/cmsy/m/n/10 ^^@ \OML/cmm/m/it/10 X[]\OT1/cmr/m/n/10 )[] + 90(\OML/cmm/m/it/10 X[] \OMS/cmsy/m/n/10 ^^@ \OML/cmm/m/it/10 X[]\OT1/cmr/m/n/10 )[] + (1 \OMS/cmsy/m/n/10 ^^@ \OML/cmm/m/it/10 X[]\OT1/cmr/m/n/10 )[] + 10\OML/cmm/m/it/10 :\OT1/cmr/m/n/10 1((\OML/cmm/m/it/10 X[] \OMS/cmsy/m/n/10 ^^@ \OT1/cmr/m/n/10 1)[] + (\OML/cmm/m/it/10 X[] \OMS/cmsy/m/n/10 ^^@ \OT1/cmr/m/n/10 1)[]) + 19\OML/cmm/m/it/10 :\OT1/cmr/m/n/10 8(\OML/cmm/m/it/10 X[] \OMS/cmsy/m/n/10 ^^@ \OT1/cmr/m/n/10 1)(\OML/cmm/m/it/10 X[] \OMS/cmsy/m/n/10 ^^@ \OT1/cmr/m/n/10 1)
 []


Underfull \hbox (badness 10000) in paragraph at lines 185--185
[]\OT1/cmr/m/n/10 f(X)
 []


Underfull \hbox (badness 10000) in paragraph at lines 185--185
[]\OT1/cmr/m/n/10 Mejor
 []


Underfull \hbox (badness 10000) in paragraph at lines 185--185
[]\OT1/cmr/m/n/10 Mejor
 []


Underfull \hbox (badness 10000) in paragraph at lines 187--187
[]\OT1/cmr/m/n/10 (0.99141,
 []


Underfull \hbox (badness 10000) in paragraph at lines 187--187
\OT1/cmr/m/n/10 0.98288,
 []


Underfull \hbox (badness 10000) in paragraph at lines 187--187
\OT1/cmr/m/n/10 1.00851,
 []


Underfull \hbox (badness 10000) in paragraph at lines 187--187
[]\OT1/cmr/m/n/10 (0.99141,
 []


Underfull \hbox (badness 10000) in paragraph at lines 187--187
\OT1/cmr/m/n/10 0.98288,
 []


Underfull \hbox (badness 10000) in paragraph at lines 187--187
\OT1/cmr/m/n/10 1.00851,
 []


Underfull \hbox (badness 10000) in paragraph at lines 187--187
[]\OT1/cmr/m/n/10 (0.99141,
 []


Underfull \hbox (badness 10000) in paragraph at lines 187--187
\OT1/cmr/m/n/10 0.98288,
 []


Underfull \hbox (badness 10000) in paragraph at lines 187--187
\OT1/cmr/m/n/10 1.00851,
 []


Overfull \hbox (38.2276pt too wide) in paragraph at lines 184--190
[] 
 []

[9] (./Examen2_SandovalOrtizNestorAdrian.aux) ) 
Here is how much of TeX's memory you used:
 2646 strings out of 478268
 42019 string characters out of 5846346
 331521 words of memory out of 5000000
 20843 multiletter control sequences out of 15000+600000
 478035 words of font info for 62 fonts, out of 8000000 for 9000
 1141 hyphenation exceptions out of 8191
 55i,8n,62p,377b,224s stack positions out of 10000i,1000n,20000p,200000b,200000s
</usr/local/texlive/2022/texmf-dist/fonts/type1/public/amsfonts/cm/cmbx10.pfb></usr/local/texlive/2022/texmf-dist/fonts/type1/public/amsfonts/cm/cmbx12.pfb></usr/local/texlive/2022/texmf-dist/fonts/type1/public/amsfonts/cm/cmmi10.pfb></usr/local/texlive/2022/texmf-dist/fonts/type1/public/amsfonts/cm/cmr10.pfb></usr/local/texlive/2022/texmf-dist/fonts/type1/public/amsfonts/cm/cmr12.pfb></usr/local/texlive/2022/texmf-dist/fonts/type1/public/amsfonts/cm/cmr17.pfb></usr/local/texlive/2022/texmf-dist/fonts/type1/public/amsfonts/cm/cmr7.pfb></usr/local/texlive/2022/texmf-dist/fonts/type1/public/amsfonts/cm/cmsy10.pfb>
Output written on Examen2_SandovalOrtizNestorAdrian.pdf (10 pages, 295665 bytes).
PDF statistics:
 82 PDF objects out of 1000 (max. 8388607)
 48 compressed objects within 1 object stream
 0 named destinations out of 1000 (max. 500000)
 26 words of extra memory for PDF output out of 10000 (max. 10000000)

