This is pdfTeX, Version 3.141592653-2.6-1.40.24 (TeX Live 2022) (preloaded format=pdflatex 2022.10.12)  16 OCT 2022 01:11
entering extended mode
 \write18 enabled.
 file:line:error style messages enabled.
 %&-line parsing enabled.
**"/Users/lloydna/Desktop/UP/5° Semestre/Optimizacion/Optimizacion/Tareas/Tarea4/Latex/Tarea4_SandovalOrtizNestorAdrian.tex"
(/Users/lloydna/Desktop/UP/5° Semestre/Optimizacion/Optimizacion/Tareas/Tarea4/Latex/Tarea4_SandovalOrtizNestorAdrian.tex
LaTeX2e <2021-11-15> patch level 1
L3 programming layer <2022-02-24> (/usr/local/texlive/2022/texmf-dist/tex/latex/base/report.cls
Document Class: report 2021/10/04 v1.4n Standard LaTeX document class
(/usr/local/texlive/2022/texmf-dist/tex/latex/base/size10.clo
File: size10.clo 2021/10/04 v1.4n Standard LaTeX file (size option)
)
\c@part=\count185
\c@chapter=\count186
\c@section=\count187
\c@subsection=\count188
\c@subsubsection=\count189
\c@paragraph=\count190
\c@subparagraph=\count191
\c@figure=\count192
\c@table=\count193
\abovecaptionskip=\skip47
\belowcaptionskip=\skip48
\bibindent=\dimen138
) (/usr/local/texlive/2022/texmf-dist/tex/latex/amsfonts/amssymb.sty
Package: amssymb 2013/01/14 v3.01 AMS font symbols
 (/usr/local/texlive/2022/texmf-dist/tex/latex/amsfonts/amsfonts.sty
Package: amsfonts 2013/01/14 v3.01 Basic AMSFonts support
\@emptytoks=\toks16
\symAMSa=\mathgroup4
\symAMSb=\mathgroup5
LaTeX Font Info:    Redeclaring math symbol \hbar on input line 98.
LaTeX Font Info:    Overwriting math alphabet `\mathfrak' in version `bold'
(Font)                  U/euf/m/n --> U/euf/b/n on input line 106.
)) (/usr/local/texlive/2022/texmf-dist/tex/latex/amsmath/amsmath.sty
Package: amsmath 2021/10/15 v2.17l AMS math features
\@mathmargin=\skip49

For additional information on amsmath, use the `?' option.
(/usr/local/texlive/2022/texmf-dist/tex/latex/amsmath/amstext.sty
Package: amstext 2021/08/26 v2.01 AMS text
 (/usr/local/texlive/2022/texmf-dist/tex/latex/amsmath/amsgen.sty
File: amsgen.sty 1999/11/30 v2.0 generic functions
\@emptytoks=\toks17
\ex@=\dimen139
)) (/usr/local/texlive/2022/texmf-dist/tex/latex/amsmath/amsbsy.sty
Package: amsbsy 1999/11/29 v1.2d Bold Symbols
\pmbraise@=\dimen140
) (/usr/local/texlive/2022/texmf-dist/tex/latex/amsmath/amsopn.sty
Package: amsopn 2021/08/26 v2.02 operator names
)
\inf@bad=\count194
LaTeX Info: Redefining \frac on input line 234.
\uproot@=\count195
\leftroot@=\count196
LaTeX Info: Redefining \overline on input line 399.
\classnum@=\count197
\DOTSCASE@=\count198
LaTeX Info: Redefining \ldots on input line 496.
LaTeX Info: Redefining \dots on input line 499.
LaTeX Info: Redefining \cdots on input line 620.
\Mathstrutbox@=\box50
\strutbox@=\box51
\big@size=\dimen141
LaTeX Font Info:    Redeclaring font encoding OML on input line 743.
LaTeX Font Info:    Redeclaring font encoding OMS on input line 744.
\macc@depth=\count199
\c@MaxMatrixCols=\count266
\dotsspace@=\muskip16
\c@parentequation=\count267
\dspbrk@lvl=\count268
\tag@help=\toks18
\row@=\count269
\column@=\count270
\maxfields@=\count271
\andhelp@=\toks19
\eqnshift@=\dimen142
\alignsep@=\dimen143
\tagshift@=\dimen144
\tagwidth@=\dimen145
\totwidth@=\dimen146
\lineht@=\dimen147
\@envbody=\toks20
\multlinegap=\skip50
\multlinetaggap=\skip51
\mathdisplay@stack=\toks21
LaTeX Info: Redefining \[ on input line 2938.
LaTeX Info: Redefining \] on input line 2939.
) (/usr/local/texlive/2022/texmf-dist/tex/latex/graphics/graphicx.sty
Package: graphicx 2021/09/16 v1.2d Enhanced LaTeX Graphics (DPC,SPQR)
 (/usr/local/texlive/2022/texmf-dist/tex/latex/graphics/keyval.sty
Package: keyval 2014/10/28 v1.15 key=value parser (DPC)
\KV@toks@=\toks22
) (/usr/local/texlive/2022/texmf-dist/tex/latex/graphics/graphics.sty
Package: graphics 2021/03/04 v1.4d Standard LaTeX Graphics (DPC,SPQR)
 (/usr/local/texlive/2022/texmf-dist/tex/latex/graphics/trig.sty
Package: trig 2021/08/11 v1.11 sin cos tan (DPC)
) (/usr/local/texlive/2022/texmf-dist/tex/latex/graphics-cfg/graphics.cfg
File: graphics.cfg 2016/06/04 v1.11 sample graphics configuration
)
Package graphics Info: Driver file: pdftex.def on input line 107.
 (/usr/local/texlive/2022/texmf-dist/tex/latex/graphics-def/pdftex.def
File: pdftex.def 2020/10/05 v1.2a Graphics/color driver for pdftex
))
\Gin@req@height=\dimen148
\Gin@req@width=\dimen149
) (/usr/local/texlive/2022/texmf-dist/tex/latex/float/float.sty
Package: float 2001/11/08 v1.3d Float enhancements (AL)
\c@float@type=\count272
\float@exts=\toks23
\float@box=\box52
\@float@everytoks=\toks24
\@floatcapt=\box53
) (/usr/local/texlive/2022/texmf-dist/tex/latex/l3backend/l3backend-pdftex.def
File: l3backend-pdftex.def 2022-02-07 L3 backend support: PDF output (pdfTeX)
\l__color_backend_stack_int=\count273
\l__pdf_internal_box=\box54
) (./Tarea4_SandovalOrtizNestorAdrian.aux)
\openout1 = `Tarea4_SandovalOrtizNestorAdrian.aux'.

LaTeX Font Info:    Checking defaults for OML/cmm/m/it on input line 11.
LaTeX Font Info:    ... okay on input line 11.
LaTeX Font Info:    Checking defaults for OMS/cmsy/m/n on input line 11.
LaTeX Font Info:    ... okay on input line 11.
LaTeX Font Info:    Checking defaults for OT1/cmr/m/n on input line 11.
LaTeX Font Info:    ... okay on input line 11.
LaTeX Font Info:    Checking defaults for T1/cmr/m/n on input line 11.
LaTeX Font Info:    ... okay on input line 11.
LaTeX Font Info:    Checking defaults for TS1/cmr/m/n on input line 11.
LaTeX Font Info:    ... okay on input line 11.
LaTeX Font Info:    Checking defaults for OMX/cmex/m/n on input line 11.
LaTeX Font Info:    ... okay on input line 11.
LaTeX Font Info:    Checking defaults for U/cmr/m/n on input line 11.
LaTeX Font Info:    ... okay on input line 11.
 (/usr/local/texlive/2022/texmf-dist/tex/context/base/mkii/supp-pdf.mkii
[Loading MPS to PDF converter (version 2006.09.02).]
\scratchcounter=\count274
\scratchdimen=\dimen150
\scratchbox=\box55
\nofMPsegments=\count275
\nofMParguments=\count276
\everyMPshowfont=\toks25
\MPscratchCnt=\count277
\MPscratchDim=\dimen151
\MPnumerator=\count278
\makeMPintoPDFobject=\count279
\everyMPtoPDFconversion=\toks26
) (/usr/local/texlive/2022/texmf-dist/tex/latex/epstopdf-pkg/epstopdf-base.sty
Package: epstopdf-base 2020-01-24 v2.11 Base part for package epstopdf
Package epstopdf-base Info: Redefining graphics rule for `.eps' on input line 485.
 (/usr/local/texlive/2022/texmf-dist/tex/latex/latexconfig/epstopdf-sys.cfg
File: epstopdf-sys.cfg 2010/07/13 v1.3 Configuration of (r)epstopdf for TeX Live
))
LaTeX Font Info:    Trying to load font information for U+msa on input line 12.
 (/usr/local/texlive/2022/texmf-dist/tex/latex/amsfonts/umsa.fd
File: umsa.fd 2013/01/14 v3.01 AMS symbols A
)
LaTeX Font Info:    Trying to load font information for U+msb on input line 12.
 (/usr/local/texlive/2022/texmf-dist/tex/latex/amsfonts/umsb.fd
File: umsb.fd 2013/01/14 v3.01 AMS symbols B
) [1

{/usr/local/texlive/2022/texmf-var/fonts/map/pdftex/updmap/pdftex.map}]
Chapter 1.
[1

]
</Users/lloydna/Desktop/UP/5° Semestre/Optimizacion/Optimizacion/Tareas/Tarea4/Parte1/Ejercicio1/Funcion.png, id=14, 602.25pt x 401.5pt>
File: /Users/lloydna/Desktop/UP/5° Semestre/Optimizacion/Optimizacion/Tareas/Tarea4/Parte1/Ejercicio1/Funcion.png Graphic file (type png)
<use /Users/lloydna/Desktop/UP/5° Semestre/Optimizacion/Optimizacion/Tareas/Tarea4/Parte1/Ejercicio1/Funcion.png>
Package pdftex.def Info: /Users/lloydna/Desktop/UP/5° Semestre/Optimizacion/Optimizacion/Tareas/Tarea4/Parte1/Ejercicio1/Funcion.png  used on input line 32.
(pdftex.def)             Requested size: 345.0pt x 230.00912pt.

Overfull \hbox (114.19545pt too wide) in paragraph at lines 38--53
[]
 []

[2 </Users/lloydna/Desktop/UP/5° Semestre/Optimizacion/Optimizacion/Tareas/Tarea4/Parte1/Ejercicio1/Funcion.png>]
</Users/lloydna/Desktop/UP/5° Semestre/Optimizacion/Optimizacion/Tareas/Tarea4/Parte1/Ejercicio2/Funcion.png, id=21, 602.25pt x 401.5pt>
File: /Users/lloydna/Desktop/UP/5° Semestre/Optimizacion/Optimizacion/Tareas/Tarea4/Parte1/Ejercicio2/Funcion.png Graphic file (type png)
<use /Users/lloydna/Desktop/UP/5° Semestre/Optimizacion/Optimizacion/Tareas/Tarea4/Parte1/Ejercicio2/Funcion.png>
Package pdftex.def Info: /Users/lloydna/Desktop/UP/5° Semestre/Optimizacion/Optimizacion/Tareas/Tarea4/Parte1/Ejercicio2/Funcion.png  used on input line 60.
(pdftex.def)             Requested size: 345.0pt x 230.00912pt.

Overfull \hbox (114.19545pt too wide) in paragraph at lines 66--81
[]
 []

[3 </Users/lloydna/Desktop/UP/5° Semestre/Optimizacion/Optimizacion/Tareas/Tarea4/Parte1/Ejercicio2/Funcion.png>]
</Users/lloydna/Desktop/UP/5° Semestre/Optimizacion/Optimizacion/Tareas/Tarea4/Parte1/Ejercicio3/Funcion.png, id=25, 602.25pt x 401.5pt>
File: /Users/lloydna/Desktop/UP/5° Semestre/Optimizacion/Optimizacion/Tareas/Tarea4/Parte1/Ejercicio3/Funcion.png Graphic file (type png)
<use /Users/lloydna/Desktop/UP/5° Semestre/Optimizacion/Optimizacion/Tareas/Tarea4/Parte1/Ejercicio3/Funcion.png>
Package pdftex.def Info: /Users/lloydna/Desktop/UP/5° Semestre/Optimizacion/Optimizacion/Tareas/Tarea4/Parte1/Ejercicio3/Funcion.png  used on input line 88.
(pdftex.def)             Requested size: 345.0pt x 230.00912pt.

Overfull \hbox (114.19545pt too wide) in paragraph at lines 94--109
[]
 []

[4 </Users/lloydna/Desktop/UP/5° Semestre/Optimizacion/Optimizacion/Tareas/Tarea4/Parte1/Ejercicio3/Funcion.png>]
</Users/lloydna/Desktop/UP/5° Semestre/Optimizacion/Optimizacion/Tareas/Tarea4/Parte1/Ejercicio4/Funcion.png, id=29, 602.25pt x 401.5pt>
File: /Users/lloydna/Desktop/UP/5° Semestre/Optimizacion/Optimizacion/Tareas/Tarea4/Parte1/Ejercicio4/Funcion.png Graphic file (type png)
<use /Users/lloydna/Desktop/UP/5° Semestre/Optimizacion/Optimizacion/Tareas/Tarea4/Parte1/Ejercicio4/Funcion.png>
Package pdftex.def Info: /Users/lloydna/Desktop/UP/5° Semestre/Optimizacion/Optimizacion/Tareas/Tarea4/Parte1/Ejercicio4/Funcion.png  used on input line 116.
(pdftex.def)             Requested size: 345.0pt x 230.00912pt.

Overfull \hbox (114.19545pt too wide) in paragraph at lines 122--137
[]
 []

[5 </Users/lloydna/Desktop/UP/5° Semestre/Optimizacion/Optimizacion/Tareas/Tarea4/Parte1/Ejercicio4/Funcion.png>]
</Users/lloydna/Desktop/UP/5° Semestre/Optimizacion/Optimizacion/Tareas/Tarea4/Parte1/Ejercicio5/Funcion.png, id=33, 602.25pt x 401.5pt>
File: /Users/lloydna/Desktop/UP/5° Semestre/Optimizacion/Optimizacion/Tareas/Tarea4/Parte1/Ejercicio5/Funcion.png Graphic file (type png)
<use /Users/lloydna/Desktop/UP/5° Semestre/Optimizacion/Optimizacion/Tareas/Tarea4/Parte1/Ejercicio5/Funcion.png>
Package pdftex.def Info: /Users/lloydna/Desktop/UP/5° Semestre/Optimizacion/Optimizacion/Tareas/Tarea4/Parte1/Ejercicio5/Funcion.png  used on input line 144.
(pdftex.def)             Requested size: 345.0pt x 230.00912pt.

Overfull \hbox (114.19545pt too wide) in paragraph at lines 150--165
[]
 []

[6 </Users/lloydna/Desktop/UP/5° Semestre/Optimizacion/Optimizacion/Tareas/Tarea4/Parte1/Ejercicio5/Funcion.png>] [7]
Chapter 2.
[8

] (./Tarea4_SandovalOrtizNestorAdrian.aux) ) 
Here is how much of TeX's memory you used:
 2645 strings out of 478268
 42444 string characters out of 5846346
 329500 words of memory out of 5000000
 20842 multiletter control sequences out of 15000+600000
 478035 words of font info for 62 fonts, out of 8000000 for 9000
 1141 hyphenation exceptions out of 8191
 55i,6n,62p,407b,224s stack positions out of 10000i,1000n,20000p,200000b,200000s
</usr/local/texlive/2022/texmf-dist/fonts/type1/public/amsfonts/cm/cmbx10.pfb></usr/local/texlive/2022/texmf-dist/fonts/type1/public/amsfonts/cm/cmbx12.pfb></usr/local/texlive/2022/texmf-dist/fonts/type1/public/amsfonts/cm/cmmi10.pfb></usr/local/texlive/2022/texmf-dist/fonts/type1/public/amsfonts/cm/cmr10.pfb></usr/local/texlive/2022/texmf-dist/fonts/type1/public/amsfonts/cm/cmr12.pfb></usr/local/texlive/2022/texmf-dist/fonts/type1/public/amsfonts/cm/cmr17.pfb></usr/local/texlive/2022/texmf-dist/fonts/type1/public/amsfonts/cm/cmr7.pfb></usr/local/texlive/2022/texmf-dist/fonts/type1/public/amsfonts/cm/cmsy10.pfb>
Output written on Tarea4_SandovalOrtizNestorAdrian.pdf (9 pages, 163431 bytes).
PDF statistics:
 79 PDF objects out of 1000 (max. 8388607)
 46 compressed objects within 1 object stream
 0 named destinations out of 1000 (max. 500000)
 26 words of extra memory for PDF output out of 10000 (max. 10000000)

